[2020-06-04 15:05:22Z] - INFO - Начало работы calcPay
[2020-06-04 15:05:22Z] - INFO - Конец работы calcPay
[2020-06-04 15:05:35Z] - INFO - Начало работы calcPay
[2020-06-04 15:05:35Z] - INFO - Конец работы calcPay
[2020-06-04 15:10:35Z] - INFO - Начало работы calcPay
[2020-06-04 15:10:35Z] - INFO - Конец работы calcPay
[2020-06-04 15:10:48Z] - INFO - Начало работы calcPay
[2020-06-04 15:10:48Z] - INFO - Конец работы calcPay
[2020-06-04 15:11:07Z] - INFO - Начало работы calcPay
[2020-06-04 15:11:07Z] - INFO - Конец работы calcPay
[2020-06-04 15:11:29Z] - INFO - Начало работы calcPay
[2020-06-04 15:11:29Z] - INFO - Конец работы calcPay
[2020-06-04 15:16:16Z] - INFO - Начало работы calcPay
[2020-06-04 15:16:16Z] - INFO - Конец работы calcPay
[2020-06-04 15:16:33Z] - INFO - Начало работы calcPay
[2020-06-04 15:16:33Z] - INFO - Конец работы calcPay
[2020-06-04 15:18:39Z] - INFO - Начало работы calcPay
[2020-06-04 15:18:39Z] - INFO - Конец работы calcPay
[2020-06-04 15:19:26Z] - INFO - Начало работы calcPay
[2020-06-04 15:19:26Z] - INFO - Конец работы calcPay
[2020-06-04 15:19:58Z] - INFO - Начало работы calcPay
[2020-06-04 15:19:59Z] - INFO - Конец работы calcPay
[2020-06-04 15:41:00Z] - INFO - Начало работы calcPay
[2020-06-04 15:41:00Z] - INFO - Конец работы calcPay
[2020-06-04 15:45:46Z] - INFO - Начало работы calcPay
[2020-06-04 15:45:46Z] - INFO - Конвертируем dos -> win
[2020-06-04 15:45:47Z] - INFO - Конец работы calcPay
[2020-06-04 15:49:21Z] - INFO - Начало работы calcPay
[2020-06-04 15:49:21Z] - INFO - Конвертируем dos -> win
[2020-06-04 15:49:22Z] - INFO - Конец работы calcPay
[2020-06-04 15:50:39Z] - INFO - Начало работы calcPay
[2020-06-04 15:50:39Z] - INFO - Конвертируем dos -> win
[2020-06-04 15:50:43Z] - INFO - Конец работы calcPay
[2020-06-04 15:52:37Z] - INFO - Начало работы calcPay
[2020-06-04 15:52:37Z] - INFO - Конвертируем dos -> win
[2020-06-04 15:52:40Z] - INFO - Конец работы calcPay
[2020-06-04 15:53:52Z] - INFO - Начало работы calcPay
[2020-06-04 15:53:52Z] - INFO - Конвертируем dos -> win
[2020-06-04 15:53:52Z] - INFO - Конец работы calcPay
[2020-06-04 15:54:34Z] - INFO - Начало работы calcPay
[2020-06-04 15:54:35Z] - INFO - Конвертируем dos -> win Образец в каком виде должен быть после обработки.txt
[2020-06-04 15:54:35Z] - INFO - Конец работы calcPay
[2020-06-04 16:03:08Z] - INFO - Начало работы calcPay
[2020-06-04 16:03:08Z] - INFO - Конвертируем dos -> win Образец в каком виде должен быть после обработки.txt
[2020-06-04 16:03:08Z] - INFO - Конец работы calcPay
[2020-06-04 16:04:00Z] - INFO - Начало работы calcPay
[2020-06-04 16:04:00Z] - INFO - Конвертируем dos -> win Образец в каком виде должен быть после обработки.txt
[2020-06-04 16:04:00Z] - INFO - Конец работы calcPay
[2020-06-04 16:24:54Z] - INFO - Начало работы calcPay
[2020-06-04 16:24:54Z] - INFO - Конвертируем dos -> win Образец в каком виде должен быть после обработки.txt
[2020-06-04 16:24:54Z] - INFO - Конец работы calcPay
[2020-06-04 16:25:09Z] - INFO - Начало работы calcPay
[2020-06-04 16:25:09Z] - INFO - Конвертируем dos -> win Образец в каком виде должен быть после обработки.txt
[2020-06-04 16:25:09Z] - INFO - Конец работы calcPay
[2020-06-04 16:25:20Z] - INFO - Начало работы calcPay
[2020-06-04 16:25:20Z] - INFO - Конвертируем dos -> win Образец в каком виде должен быть после обработки.txt
[2020-06-04 16:25:20Z] - INFO - Конец работы calcPay
[2020-06-04 16:25:29Z] - INFO - Начало работы calcPay
[2020-06-04 16:25:29Z] - INFO - Конвертируем dos -> win Образец в каком виде должен быть после обработки.txt
[2020-06-04 16:25:29Z] - INFO - Конец работы calcPay
[2020-06-04 16:26:24Z] - INFO - Начало работы calcPay
[2020-06-04 16:26:24Z] - INFO - Конвертируем dos -> win Образец в каком виде должен быть после обработки.txt
[2020-06-04 16:26:24Z] - INFO - Конец работы calcPay
[2020-06-04 16:26:35Z] - INFO - Начало работы calcPay
[2020-06-04 16:26:35Z] - INFO - Конвертируем dos -> win Образец в каком виде должен быть после обработки.txt
[2020-06-04 16:26:35Z] - INFO - Конец работы calcPay
[2020-06-04 16:26:56Z] - INFO - Начало работы calcPay
[2020-06-04 16:26:56Z] - INFO - Конвертируем dos -> win Образец в каком виде должен быть после обработки.txt
[2020-06-04 16:26:56Z] - INFO - Конец работы calcPay
[2020-06-04 16:27:03Z] - INFO - Начало работы calcPay
[2020-06-04 16:27:03Z] - INFO - Конвертируем dos -> win Образец в каком виде должен быть после обработки.txt
[2020-06-04 16:27:03Z] - INFO - Конец работы calcPay
[2020-06-04 16:29:52Z] - INFO - Начало работы calcPay
[2020-06-04 16:29:52Z] - INFO - Конвертируем dos -> win Образец в каком виде должен быть после обработки.txt
[2020-06-04 16:29:52Z] - INFO - Конец работы calcPay
[2020-06-04 16:31:03Z] - INFO - Начало работы calcPay
[2020-06-04 16:31:03Z] - INFO - Конвертируем dos -> win Образец в каком виде должен быть после обработки.txt
[2020-06-04 16:31:03Z] - INFO - Конец работы calcPay
[2020-06-04 16:31:18Z] - INFO - Начало работы calcPay
[2020-06-04 16:31:18Z] - INFO - Конвертируем dos -> win Образец в каком виде должен быть после обработки.txt
[2020-06-04 16:31:18Z] - INFO - Конец работы calcPay
[2020-06-04 16:31:46Z] - INFO - Начало работы calcPay
[2020-06-04 16:31:46Z] - INFO - Конвертируем dos -> win Образец в каком виде должен быть после обработки.txt
[2020-06-04 16:31:46Z] - INFO - Конец работы calcPay
[2020-06-04 16:32:58Z] - INFO - Начало работы calcPay
[2020-06-04 16:32:58Z] - INFO - Конвертируем dos -> win Образец в каком виде должен быть после обработки.txt
[2020-06-04 16:32:58Z] - INFO - Конец работы calcPay
[2020-06-04 16:33:07Z] - INFO - Начало работы calcPay
[2020-06-04 16:33:07Z] - INFO - Конвертируем dos -> win Образец в каком виде должен быть после обработки.txt
[2020-06-04 16:33:07Z] - INFO - Конец работы calcPay
[2020-06-04 16:33:43Z] - INFO - Начало работы calcPay
[2020-06-04 16:33:43Z] - INFO - Конвертируем dos -> win Образец в каком виде должен быть после обработки.txt
[2020-06-04 16:33:43Z] - INFO - Конец работы calcPay
[2020-06-04 16:46:16Z] - INFO - Начало работы calcPay
[2020-06-04 16:46:16Z] - INFO - Конвертируем dos -> win Образец в каком виде должен быть после обработки.txt
[2020-06-04 16:46:16Z] - INFO - Конец работы calcPay
[2020-06-04 16:46:49Z] - INFO - Начало работы calcPay
[2020-06-04 16:46:49Z] - INFO - Конвертируем dos -> win Образец в каком виде должен быть после обработки.txt
[2020-06-04 16:46:49Z] - INFO - Конец работы calcPay
[2020-06-04 16:47:00Z] - INFO - Начало работы calcPay
[2020-06-04 16:47:00Z] - INFO - Конвертируем dos -> win Образец в каком виде должен быть после обработки.txt
[2020-06-04 16:47:00Z] - INFO - Конец работы calcPay
[2020-06-04 16:47:15Z] - INFO - Начало работы calcPay
[2020-06-04 16:47:15Z] - INFO - Конвертируем dos -> win Образец в каком виде должен быть после обработки.txt
[2020-06-04 16:47:15Z] - INFO - Конец работы calcPay
[2020-06-04 16:49:06Z] - INFO - Начало работы calcPay
[2020-06-04 16:49:06Z] - INFO - Конвертируем dos -> win Образец в каком виде должен быть после обработки.txt
[2020-06-04 16:49:06Z] - INFO - Конец работы calcPay
[2020-06-04 16:49:16Z] - INFO - Начало работы calcPay
[2020-06-04 16:49:16Z] - INFO - Конвертируем dos -> win Образец в каком виде должен быть после обработки.txt
[2020-06-04 16:49:16Z] - INFO - Конец работы calcPay
[2020-06-04 16:49:24Z] - INFO - Начало работы calcPay
[2020-06-04 16:49:24Z] - INFO - Конвертируем dos -> win Образец в каком виде должен быть после обработки.txt
[2020-06-04 16:49:24Z] - INFO - Конец работы calcPay
[2020-06-04 16:50:48Z] - INFO - Начало работы calcPay
[2020-06-04 16:50:48Z] - INFO - Конвертируем dos -> win Образец в каком виде должен быть после обработки.txt
[2020-06-04 16:50:48Z] - INFO - Конец работы calcPay
[2020-06-04 16:51:08Z] - INFO - Начало работы calcPay
[2020-06-04 16:51:08Z] - INFO - Конвертируем dos -> win Образец в каком виде должен быть после обработки.txt
[2020-06-04 16:51:08Z] - INFO - Конец работы calcPay
[2020-06-04 16:51:25Z] - INFO - Начало работы calcPay
[2020-06-04 16:51:25Z] - INFO - Конвертируем dos -> win Образец в каком виде должен быть после обработки.txt
[2020-06-04 16:51:25Z] - INFO - Конец работы calcPay
[2020-06-04 16:51:39Z] - INFO - Начало работы calcPay
[2020-06-04 16:51:39Z] - INFO - Конвертируем dos -> win Образец в каком виде должен быть после обработки.txt
[2020-06-04 16:51:39Z] - INFO - Конец работы calcPay
[2020-06-04 16:55:00Z] - INFO - Начало работы calcPay
[2020-06-04 16:55:00Z] - INFO - Конвертируем dos -> win Образец в каком виде должен быть после обработки.txt
[2020-06-04 16:55:00Z] - INFO - Конец работы calcPay
[2020-06-04 17:00:18Z] - INFO - Начало работы calcPay
[2020-06-04 17:00:18Z] - INFO - Конвертируем dos -> win Образец в каком виде должен быть после обработки.txt
[2020-06-04 17:00:18Z] - INFO - Конец работы calcPay
[2020-06-04 17:00:28Z] - INFO - Начало работы calcPay
[2020-06-04 17:00:28Z] - INFO - Конвертируем dos -> win Образец в каком виде должен быть после обработки.txt
[2020-06-04 17:00:28Z] - INFO - Конец работы calcPay
[2020-06-04 17:00:36Z] - INFO - Начало работы calcPay
[2020-06-04 17:00:36Z] - INFO - Конвертируем dos -> win Образец в каком виде должен быть после обработки.txt
[2020-06-04 17:00:36Z] - INFO - Конец работы calcPay
[2020-06-04 17:00:44Z] - INFO - Начало работы calcPay
[2020-06-04 17:00:44Z] - INFO - Конвертируем dos -> win Образец в каком виде должен быть после обработки.txt
[2020-06-04 17:00:44Z] - INFO - Конец работы calcPay
[2020-06-04 17:03:36Z] - INFO - Начало работы calcPay
[2020-06-04 17:03:36Z] - INFO - Конвертируем dos -> win Образец в каком виде должен быть после обработки.txt
[2020-06-04 17:03:36Z] - INFO - Конец работы calcPay
[2020-06-04 17:03:54Z] - INFO - Начало работы calcPay
[2020-06-04 17:03:54Z] - INFO - Конвертируем dos -> win Образец в каком виде должен быть после обработки.txt
[2020-06-04 17:03:54Z] - INFO - Конец работы calcPay
[2020-06-04 17:04:02Z] - INFO - Начало работы calcPay
[2020-06-04 17:04:02Z] - INFO - Конвертируем dos -> win Образец в каком виде должен быть после обработки.txt
[2020-06-04 17:04:02Z] - INFO - Конец работы calcPay
[2020-06-04 17:04:35Z] - INFO - Начало работы calcPay
[2020-06-04 17:04:35Z] - INFO - Конвертируем dos -> win Образец в каком виде должен быть после обработки.txt
[2020-06-04 17:04:35Z] - INFO - Конец работы calcPay
[2020-06-04 17:05:17Z] - INFO - Начало работы calcPay
[2020-06-04 17:05:17Z] - INFO - Конвертируем dos -> win Образец в каком виде должен быть после обработки.txt
[2020-06-04 17:05:17Z] - INFO - Конец работы calcPay
[2020-06-04 17:07:06Z] - INFO - Начало работы calcPay
[2020-06-04 17:07:06Z] - INFO - Конвертируем dos -> win Образец в каком виде должен быть после обработки.txt
[2020-06-04 17:07:06Z] - INFO - Конец работы calcPay
[2020-06-04 17:07:56Z] - INFO - Начало работы calcPay
[2020-06-04 17:07:56Z] - INFO - Конвертируем dos -> win Образец в каком виде должен быть после обработки.txt
[2020-06-04 17:07:56Z] - INFO - Конец работы calcPay
[2020-06-04 17:08:15Z] - INFO - Начало работы calcPay
[2020-06-04 17:08:15Z] - INFO - Конвертируем dos -> win Образец в каком виде должен быть после обработки.txt
[2020-06-04 17:08:16Z] - INFO - Конец работы calcPay
[2020-06-04 17:09:31Z] - INFO - Начало работы calcPay
[2020-06-04 17:09:31Z] - INFO - Конвертируем dos -> win Образец в каком виде должен быть после обработки.txt
[2020-06-04 17:09:31Z] - INFO - Сохраняем результат в файл D:\Ps1\calcPay\out\04062020-170931.txt
[2020-06-04 17:09:31Z] - INFO - Конец работы calcPay
[2020-06-04 17:11:16Z] - INFO - Начало работы calcPay
[2020-06-04 17:11:16Z] - INFO - Конвертируем dos -> win Образец в каком виде должен быть после обработки.txt
[2020-06-04 17:11:16Z] - INFO - Конвертируем dos -> win Образец в каком виде должен быть после обработки1.txt
[2020-06-04 17:11:16Z] - INFO - Сохраняем результат в файл D:\Ps1\calcPay\out\04062020-171116.txt
[2020-06-04 17:11:16Z] - INFO - RUR,1,38387.04,
[2020-06-04 17:11:16Z] - INFO - Сохраняем результат в файл D:\Ps1\calcPay\out\04062020-171116.txt
[2020-06-04 17:11:16Z] - INFO - RUR,3,37943.07,
[2020-06-04 17:11:16Z] - INFO - Конец работы calcPay
[2020-06-04 17:11:45Z] - INFO - Начало работы calcPay
[2020-06-04 17:11:45Z] - INFO - Конвертируем dos -> win Образец в каком виде должен быть после обработки.txt
[2020-06-04 17:11:45Z] - INFO - Конвертируем dos -> win Образец в каком виде должен быть после обработки1.txt
[2020-06-04 17:11:45Z] - INFO - RUR,1,38387.04,
[2020-06-04 17:11:45Z] - INFO - Сохраняем результат в файл D:\Ps1\calcPay\out\04062020-171145.txt
[2020-06-04 17:11:45Z] - INFO - RUR,3,37943.07,
[2020-06-04 17:11:45Z] - INFO - Сохраняем результат в файл D:\Ps1\calcPay\out\04062020-171145.txt
[2020-06-04 17:11:45Z] - INFO - Конец работы calcPay
[2020-06-04 17:11:57Z] - INFO - Начало работы calcPay
[2020-06-04 17:11:57Z] - INFO - Конвертируем dos -> win Образец в каком виде должен быть после обработки.txt
[2020-06-04 17:11:57Z] - INFO - Конвертируем dos -> win Образец в каком виде должен быть после обработки1.txt
[2020-06-04 17:11:57Z] - INFO - RUR,1,38387.04,
[2020-06-04 17:11:57Z] - INFO - Сохраняем результат в файл D:\Ps1\calcPay\out\04062020-171157.txt
[2020-06-04 17:11:57Z] - INFO - RUR,3,37943.07,
[2020-06-04 17:11:57Z] - INFO - Сохраняем результат в файл D:\Ps1\calcPay\out\04062020-171157.txt
[2020-06-04 17:11:57Z] - INFO - Конец работы calcPay
[2020-06-04 17:14:34Z] - INFO - Начало работы calcPay
[2020-06-04 17:14:34Z] - INFO - Конвертируем dos -> win Образец в каком виде должен быть после обработки.txt
[2020-06-04 17:14:34Z] - INFO - Конвертируем dos -> win Образец в каком виде должен быть после обработки1.txt
[2020-06-04 17:14:34Z] - INFO - RUR,1,38387.04,
[2020-06-04 17:14:34Z] - INFO - Сохраняем результат в файл D:\Ps1\calcPay\out\04062020-0.txt
[2020-06-04 17:14:34Z] - INFO - RUR,3,37943.07,
[2020-06-04 17:14:34Z] - INFO - Сохраняем результат в файл D:\Ps1\calcPay\out\04062020-1.txt
[2020-06-04 17:14:34Z] - INFO - Конец работы calcPay
[2020-06-04 17:14:49Z] - INFO - Начало работы calcPay
[2020-06-04 17:14:49Z] - INFO - Конвертируем dos -> win Образец в каком виде должен быть после обработки.txt
[2020-06-04 17:14:49Z] - INFO - Конвертируем dos -> win Образец в каком виде должен быть после обработки1.txt
[2020-06-04 17:14:49Z] - INFO - RUR,1,38387.04,
[2020-06-04 17:14:49Z] - INFO - Сохраняем результат в файл D:\Ps1\calcPay\out\04062020-1.txt
[2020-06-04 17:14:49Z] - INFO - RUR,3,37943.07,
[2020-06-04 17:14:49Z] - INFO - Сохраняем результат в файл D:\Ps1\calcPay\out\04062020-2.txt
[2020-06-04 17:14:49Z] - INFO - Конец работы calcPay
[2020-06-04 17:14:59Z] - INFO - Начало работы calcPay
[2020-06-04 17:14:59Z] - INFO - Конвертируем dos -> win Образец в каком виде должен быть после обработки.txt
[2020-06-04 17:14:59Z] - INFO - Конвертируем dos -> win Образец в каком виде должен быть после обработки1.txt
[2020-06-04 17:15:00Z] - INFO - RUR,1,38387.04,
[2020-06-04 17:15:00Z] - INFO - Сохраняем результат в файл D:\Ps1\calcPay\out\04062020-1.txt
[2020-06-04 17:15:00Z] - INFO - RUR,3,37943.07,
[2020-06-04 17:15:00Z] - INFO - Сохраняем результат в файл D:\Ps1\calcPay\out\04062020-2.txt
[2020-06-04 17:15:00Z] - INFO - Конец работы calcPay
[2020-06-04 17:17:52Z] - INFO - Начало работы calcPay
[2020-06-04 17:17:52Z] - INFO - Конвертируем dos -> win Образец в каком виде должен быть после обработки.txt
[2020-06-04 17:17:52Z] - INFO - Конвертируем dos -> win Образец в каком виде должен быть после обработки1.txt
[2020-06-04 17:17:53Z] - INFO - RUR,1,38387.04,
[2020-06-04 17:17:53Z] - INFO - Сохраняем результат в файл D:\Ps1\calcPay\out\04062020-0001.txt
[2020-06-04 17:17:53Z] - INFO - RUR,3,37943.07,
[2020-06-04 17:17:53Z] - INFO - Сохраняем результат в файл D:\Ps1\calcPay\out\04062020-0002.txt
[2020-06-04 17:17:53Z] - INFO - Конец работы calcPay
[2020-06-04 17:18:01Z] - INFO - Начало работы calcPay
[2020-06-04 17:18:01Z] - INFO - Конвертируем dos -> win Образец в каком виде должен быть после обработки.txt
[2020-06-04 17:18:01Z] - INFO - Конвертируем dos -> win Образец в каком виде должен быть после обработки1.txt
[2020-06-04 17:18:01Z] - INFO - RUR,1,38387.04,
[2020-06-04 17:18:01Z] - INFO - Сохраняем результат в файл D:\Ps1\calcPay\out\04062020-01.txt
[2020-06-04 17:18:01Z] - INFO - RUR,3,37943.07,
[2020-06-04 17:18:01Z] - INFO - Сохраняем результат в файл D:\Ps1\calcPay\out\04062020-02.txt
[2020-06-04 17:18:01Z] - INFO - Конец работы calcPay
[2020-06-04 17:18:08Z] - INFO - Начало работы calcPay
[2020-06-04 17:18:08Z] - INFO - Конвертируем dos -> win Образец в каком виде должен быть после обработки.txt
[2020-06-04 17:18:08Z] - INFO - Конвертируем dos -> win Образец в каком виде должен быть после обработки1.txt
[2020-06-04 17:18:08Z] - INFO - RUR,1,38387.04,
[2020-06-04 17:18:08Z] - INFO - Сохраняем результат в файл D:\Ps1\calcPay\out\04062020-01.txt
[2020-06-04 17:18:08Z] - INFO - RUR,3,37943.07,
[2020-06-04 17:18:08Z] - INFO - Сохраняем результат в файл D:\Ps1\calcPay\out\04062020-02.txt
[2020-06-04 17:18:08Z] - INFO - Конец работы calcPay
[2020-06-04 17:19:33Z] - INFO - Начало работы calcPay
[2020-06-04 17:19:33Z] - INFO - Конвертируем dos -> win Образец в каком виде должен быть после обработки.txt
[2020-06-04 17:19:33Z] - INFO - Конвертируем dos -> win Образец в каком виде должен быть после обработки1.txt
[2020-06-04 17:19:33Z] - INFO - RUR,1,38387.04,
[2020-06-04 17:19:33Z] - INFO - Сохраняем результат в файл D:\Ps1\calcPay\out\04062020-01.txt
[2020-06-04 17:19:33Z] - INFO - RUR,3,37943.07,
[2020-06-04 17:19:33Z] - INFO - Сохраняем результат в файл D:\Ps1\calcPay\out\04062020-02.txt
[2020-06-04 17:19:33Z] - INFO - Конец работы calcPay
