[2020-06-06 12:24:23Z] - INFO - Начало работы calcPay
[2020-06-06 12:24:23Z] - INFO - Конвертируем dos -> win 129_02.06.20_38387,04_отпускные_котова.txt
[2020-06-06 12:24:23Z] - INFO - RUR,1,38387.04,
[2020-06-06 12:24:23Z] - INFO - Сохраняем результат в файл D:\Ps1\calcPay\out\06062020-01.txt
[2020-06-06 12:24:23Z] - INFO - Конец работы calcPay
[2020-06-06 12:33:06Z] - INFO - Начало работы calcPay
[2020-06-06 12:33:06Z] - INFO - Конвертируем dos -> win Образец в каком виде должен быть после обработки..txt
[2020-06-06 12:33:06Z] - INFO - RUR,3,37943.07,
[2020-06-06 12:33:06Z] - INFO - Сохраняем результат в файл D:\Ps1\calcPay\out\06062020-01.txt
[2020-06-06 12:33:06Z] - INFO - Конец работы calcPay
[2020-06-06 12:34:30Z] - INFO - Начало работы calcPay
[2020-06-06 12:34:30Z] - INFO - Конвертируем dos -> win Образец в каком виде должен быть после обработки..txt
[2020-06-06 12:35:13Z] - INFO - Начало работы calcPay
[2020-06-06 12:35:13Z] - INFO - Конвертируем dos -> win Образец в каком виде должен быть после обработки..txt
[2020-06-06 12:35:35Z] - INFO - Начало работы calcPay
[2020-06-06 12:35:35Z] - INFO - Конвертируем dos -> win Образец в каком виде должен быть после обработки..txt
[2020-06-06 12:35:45Z] - INFO - Начало работы calcPay
[2020-06-06 12:35:45Z] - INFO - Конвертируем dos -> win Образец в каком виде должен быть после обработки..txt
[2020-06-06 12:35:59Z] - INFO - Начало работы calcPay
[2020-06-06 12:35:59Z] - INFO - Конвертируем dos -> win Образец в каком виде должен быть после обработки..txt
[2020-06-06 12:36:45Z] - INFO - Начало работы calcPay
[2020-06-06 12:36:45Z] - INFO - Конвертируем dos -> win Образец в каком виде должен быть после обработки..txt
[2020-06-06 12:38:03Z] - INFO - Начало работы calcPay
[2020-06-06 12:38:03Z] - INFO - Конвертируем dos -> win Образец в каком виде должен быть после обработки..txt
[2020-06-06 12:38:09Z] - INFO - Начало работы calcPay
[2020-06-06 12:38:09Z] - INFO - Конвертируем dos -> win Образец в каком виде должен быть после обработки..txt
[2020-06-06 12:38:45Z] - INFO - Начало работы calcPay
[2020-06-06 12:38:45Z] - INFO - Конвертируем dos -> win Образец в каком виде должен быть после обработки..txt
[2020-06-06 12:39:39Z] - INFO - Начало работы calcPay
[2020-06-06 12:39:39Z] - INFO - Конвертируем dos -> win Образец в каком виде должен быть после обработки..txt
[2020-06-06 12:40:39Z] - INFO - Начало работы calcPay
[2020-06-06 12:40:39Z] - INFO - Конвертируем dos -> win Образец в каком виде должен быть после обработки..txt
[2020-06-06 12:40:54Z] - INFO - Начало работы calcPay
[2020-06-06 12:40:54Z] - INFO - Конвертируем dos -> win Образец в каком виде должен быть после обработки..txt
[2020-06-06 12:41:16Z] - INFO - Начало работы calcPay
[2020-06-06 12:41:16Z] - INFO - Конвертируем dos -> win Образец в каком виде должен быть после обработки..txt
[2020-06-06 12:43:02Z] - INFO - Начало работы calcPay
[2020-06-06 12:43:02Z] - INFO - Конвертируем dos -> win Образец в каком виде должен быть после обработки..txt
[2020-06-06 12:43:12Z] - INFO - Начало работы calcPay
[2020-06-06 12:43:12Z] - INFO - Конвертируем dos -> win Образец в каком виде должен быть после обработки..txt
[2020-06-06 12:44:33Z] - INFO - Начало работы calcPay
[2020-06-06 12:44:33Z] - INFO - Конвертируем dos -> win Образец в каком виде должен быть после обработки..txt
[2020-06-06 12:44:47Z] - INFO - Начало работы calcPay
[2020-06-06 12:44:47Z] - INFO - Конвертируем dos -> win Образец в каком виде должен быть после обработки..txt
[2020-06-06 12:45:16Z] - INFO - Начало работы calcPay
[2020-06-06 12:45:16Z] - INFO - Конвертируем dos -> win Образец в каком виде должен быть после обработки..txt
[2020-06-06 12:46:00Z] - INFO - Начало работы calcPay
[2020-06-06 12:46:00Z] - INFO - Конвертируем dos -> win Образец в каком виде должен быть после обработки..txt
[2020-06-06 12:46:18Z] - INFO - Начало работы calcPay
[2020-06-06 12:46:18Z] - INFO - Конвертируем dos -> win Образец в каком виде должен быть после обработки..txt
[2020-06-06 12:46:32Z] - INFO - Начало работы calcPay
[2020-06-06 12:46:32Z] - INFO - Конвертируем dos -> win Образец в каком виде должен быть после обработки..txt
[2020-06-06 12:47:12Z] - INFO - Начало работы calcPay
[2020-06-06 12:47:12Z] - INFO - Конвертируем dos -> win Образец в каком виде должен быть после обработки..txt
[2020-06-06 12:48:30Z] - INFO - Начало работы calcPay
[2020-06-06 12:48:30Z] - INFO - Конвертируем dos -> win Образец в каком виде должен быть после обработки..txt
[2020-06-06 12:48:42Z] - INFO - Начало работы calcPay
[2020-06-06 12:48:42Z] - INFO - Конвертируем dos -> win Образец в каком виде должен быть после обработки..txt
[2020-06-06 12:48:59Z] - INFO - Начало работы calcPay
[2020-06-06 12:48:59Z] - INFO - Конвертируем dos -> win Образец в каком виде должен быть после обработки..txt
[2020-06-06 12:50:03Z] - INFO - Начало работы calcPay
[2020-06-06 12:50:03Z] - INFO - Конвертируем dos -> win Образец в каком виде должен быть после обработки..txt
[2020-06-06 12:51:23Z] - INFO - Начало работы calcPay
[2020-06-06 12:51:23Z] - INFO - Конвертируем dos -> win Образец в каком виде должен быть после обработки..txt
[2020-06-06 12:51:52Z] - INFO - Начало работы calcPay
[2020-06-06 12:51:52Z] - INFO - Конвертируем dos -> win Образец в каком виде должен быть после обработки..txt
[2020-06-06 12:55:34Z] - INFO - Начало работы calcPay
[2020-06-06 12:55:34Z] - INFO - Конвертируем dos -> win Образец в каком виде должен быть после обработки..txt
[2020-06-06 12:55:57Z] - INFO - Начало работы calcPay
[2020-06-06 12:55:57Z] - INFO - Конвертируем dos -> win Образец в каком виде должен быть после обработки..txt
[2020-06-06 12:55:57Z] - INFO - RUR,3,37943.07,
[2020-06-06 12:55:57Z] - INFO - Сохраняем результат в файл D:\Ps1\calcPay\out\06062020-01.txt
[2020-06-06 12:55:57Z] - INFO - Конец работы calcPay
[2020-06-06 13:01:01Z] - INFO - Начало работы calcPay
[2020-06-06 13:01:01Z] - INFO - Конвертируем файл Образец в каком виде должен быть после обработки..txt
[2020-06-06 13:01:01Z] - INFO - RUR,3,37943.07,
[2020-06-06 13:01:01Z] - INFO - Сохраняем результат в файл D:\Ps1\calcPay\out\06062020-01.txt
[2020-06-06 13:01:01Z] - INFO - Конец работы calcPay
[2020-06-06 13:07:08Z] - INFO - Начало работы calcPay
[2020-06-06 13:07:08Z] - INFO - Конвертируем файл 129_02.06.20_38387,04_отпускные_котова.txt
[2020-06-06 13:07:08Z] - INFO - RUR,0,0,
[2020-06-06 13:07:08Z] - INFO - Сохраняем результат в файл D:\Ps1\calcPay\out\06062020-01.txt
[2020-06-06 13:07:08Z] - INFO - Конец работы calcPay
[2020-06-06 13:09:15Z] - INFO - Начало работы calcPay
[2020-06-06 13:09:15Z] - INFO - Конвертируем файл 129_02.06.20_38387,04_отпускные_котова.txt
[2020-06-06 13:09:15Z] - INFO - Конец работы calcPay
[2020-06-06 13:10:07Z] - INFO - Начало работы calcPay
[2020-06-06 13:10:07Z] - INFO - Конвертируем файл 129_02.06.20_38387,04_отпускные_котова.txt
[2020-06-06 13:10:07Z] - INFO - Конец работы calcPay
[2020-06-06 13:11:01Z] - INFO - Начало работы calcPay
[2020-06-06 13:11:01Z] - INFO - Конвертируем файл 129_02.06.20_38387,04_отпускные_котова.txt
[2020-06-06 13:11:01Z] - INFO - Конец работы calcPay
[2020-06-06 13:11:09Z] - INFO - Начало работы calcPay
[2020-06-06 13:11:09Z] - INFO - Конвертируем файл 129_02.06.20_38387,04_отпускные_котова.txt
[2020-06-06 13:11:09Z] - INFO - Конец работы calcPay
[2020-06-06 13:11:21Z] - INFO - Начало работы calcPay
[2020-06-06 13:11:21Z] - INFO - Конвертируем файл 129_02.06.20_38387,04_отпускные_котова.txt
[2020-06-06 13:11:21Z] - INFO - Конец работы calcPay
[2020-06-06 13:11:38Z] - INFO - Начало работы calcPay
[2020-06-06 13:11:38Z] - INFO - Конвертируем файл 129_02.06.20_38387,04_отпускные_котова.txt
[2020-06-06 13:11:38Z] - INFO - Конец работы calcPay
[2020-06-06 13:12:41Z] - INFO - Начало работы calcPay
[2020-06-06 13:12:41Z] - INFO - Конвертируем файл 129_02.06.20_38387,04_отпускные_котова.txt
[2020-06-06 13:12:41Z] - INFO - RUR,1,38387.04,
[2020-06-06 13:12:41Z] - INFO - Сохраняем результат в файл D:\Ps1\calcPay\out\06062020-01.txt
[2020-06-06 13:12:41Z] - INFO - Конец работы calcPay
[2020-06-06 13:14:23Z] - INFO - Начало работы calcPay
[2020-06-06 13:14:23Z] - INFO - Конвертируем файл 129_02.06.20_38387,04_отпускные_котова.txt
[2020-06-06 13:14:23Z] - INFO - RUR,1,38387.04,
[2020-06-06 13:14:23Z] - INFO - Сохраняем результат в файл D:\Ps1\calcPay\out\06062020-01.txt
[2020-06-06 13:14:23Z] - INFO - Конец работы calcPay
[2020-06-06 13:19:01Z] - INFO - Начало работы calcPay
[2020-06-06 13:19:01Z] - INFO - Конвертируем файл ООО_ТЭО_02062020.txt
[2020-06-06 13:19:01Z] - INFO - RUR,3,37943.07,
[2020-06-06 13:19:01Z] - INFO - Сохраняем результат в файл D:\Ps1\calcPay\out\06062020-01.txt
[2020-06-06 13:19:01Z] - INFO - Конец работы calcPay
[2020-06-06 13:20:22Z] - INFO - Начало работы calcPay
[2020-06-06 13:20:22Z] - INFO - Конвертируем файл ООО_ТЭО_02062020.txt
[2020-06-06 13:20:22Z] - INFO - RUR,3,37943.07,
[2020-06-06 13:20:22Z] - INFO - Сохраняем результат в файл D:\Ps1\calcPay\out\06062020-01.txt
[2020-06-06 13:20:22Z] - INFO - Конец работы calcPay
[2020-06-06 13:20:32Z] - INFO - Начало работы calcPay
[2020-06-06 13:20:32Z] - INFO - Конвертируем файл ООО_ТЭО_02062020.txt
[2020-06-06 13:20:53Z] - INFO - RUR,3,37943.07,
[2020-06-06 13:20:53Z] - INFO - Сохраняем результат в файл D:\Ps1\calcPay\out\06062020-01.txt
[2020-06-06 13:20:53Z] - INFO - Конец работы calcPay
